SF:lib/cubit/home_state.dart
DA:4,1
DA:8,0
DA:9,0
DA:13,0
DA:14,0
DA:20,0
DA:21,0
DA:22,0
DA:26,0
DA:27,0
LF:10
LH:1
end_of_record
SF:lib/cubit/home_cubit.dart
DA:12,1
DA:14,2
DA:15,1
DA:24,2
DA:25,2
DA:27,1
DA:28,2
DA:29,1
DA:30,1
DA:32,1
DA:33,2
DA:34,1
DA:36,0
DA:39,1
DA:40,2
DA:41,1
DA:44,1
DA:45,3
DA:46,1
DA:47,0
DA:48,0
DA:50,0
DA:51,0
DA:52,0
DA:55,3
DA:56,1
DA:57,2
LF:27
LH:21
end_of_record
SF:lib/repository/get_pets_repository.dart
DA:7,0
DA:9,0
DA:10,0
DA:11,0
DA:12,0
DA:13,0
DA:14,0
DA:15,0
DA:16,0
DA:17,0
DA:18,0
DA:22,0
DA:25,0
DA:26,0
DA:27,0
DA:29,0
DA:30,0
DA:31,0
DA:32,0
DA:34,0
LF:20
LH:0
end_of_record
SF:lib/model/pet.dart
DA:16,0
DA:20,0
DA:23,0
DA:24,0
DA:27,0
DA:29,0
DA:31,0
DA:32,0
DA:35,0
DA:36,0
DA:79,0
DA:100,0
DA:121,0
DA:122,0
DA:123,0
DA:124,0
DA:125,0
DA:126,0
DA:127,0
DA:128,0
DA:129,0
DA:130,0
DA:131,0
DA:132,0
DA:133,0
DA:134,0
DA:135,0
DA:136,0
DA:137,0
DA:138,0
DA:139,0
DA:142,0
DA:144,0
DA:146,0
DA:147,0
DA:148,0
DA:149,0
DA:150,0
DA:151,0
DA:152,0
DA:153,0
DA:154,0
DA:155,0
DA:156,0
DA:157,0
DA:158,0
DA:159,0
DA:160,0
DA:161,0
DA:162,0
DA:163,0
DA:164,0
DA:167,0
DA:168,0
DA:169,0
DA:170,0
DA:171,0
DA:172,0
DA:173,0
DA:174,0
DA:175,0
DA:176,0
DA:177,0
DA:178,0
DA:179,0
DA:180,0
DA:181,0
DA:182,0
DA:183,0
DA:184,0
DA:185,0
DA:188,0
DA:191,0
DA:192,0
DA:193,0
DA:194,0
DA:195,0
DA:196,0
DA:198,0
DA:199,0
DA:215,0
DA:223,0
DA:230,0
DA:231,0
DA:232,0
DA:233,0
DA:234,0
DA:235,0
DA:238,0
DA:240,0
DA:242,0
DA:243,0
DA:244,0
DA:245,0
DA:246,0
DA:247,0
DA:250,0
DA:251,0
DA:252,0
DA:253,0
DA:254,0
DA:255,0
DA:270,0
DA:277,0
DA:283,0
DA:284,0
DA:285,0
DA:286,0
DA:287,0
DA:290,0
DA:292,0
DA:294,0
DA:295,0
DA:296,0
DA:297,0
DA:298,0
DA:301,0
DA:302,0
DA:303,0
DA:304,0
DA:305,0
DA:318,0
DA:324,0
DA:329,0
DA:330,0
DA:331,0
DA:332,0
DA:335,0
DA:337,0
DA:339,0
DA:340,0
DA:341,0
DA:342,0
DA:345,0
DA:346,0
DA:347,0
DA:348,0
DA:361,0
DA:367,0
DA:372,0
DA:373,0
DA:374,0
DA:375,0
DA:378,0
DA:380,0
DA:382,0
DA:383,0
DA:384,0
DA:385,0
DA:388,0
DA:389,0
DA:390,0
DA:391,0
DA:410,0
DA:419,0
DA:427,0
DA:428,0
DA:429,0
DA:430,0
DA:431,0
DA:432,0
DA:433,0
DA:436,0
DA:438,0
DA:440,0
DA:441,0
DA:442,0
DA:443,0
DA:444,0
DA:445,0
DA:446,0
DA:449,0
DA:450,0
DA:451,0
DA:452,0
DA:453,0
DA:454,0
DA:455,0
DA:468,0
DA:474,0
DA:479,0
DA:480,0
DA:481,0
DA:482,0
DA:485,0
DA:487,0
DA:489,0
DA:490,0
DA:491,0
DA:492,0
DA:495,0
DA:496,0
DA:497,0
DA:498,0
DA:513,0
DA:520,0
DA:526,0
DA:527,0
DA:528,0
DA:529,0
DA:530,0
DA:533,0
DA:535,0
DA:537,0
DA:538,0
DA:539,0
DA:540,0
DA:541,0
DA:544,0
DA:545,0
DA:546,0
DA:547,0
DA:548,0
LF:213
LH:0
end_of_record
SF:lib/model/pet.g.dart
DA:13,0
DA:15,0
DA:16,0
DA:17,0
DA:19,0
DA:20,0
DA:24,0
DA:27,0
DA:28,0
DA:29,0
DA:32,0
DA:33,0
DA:35,0
DA:38,0
DA:39,0
DA:40,0
DA:47,0
DA:49,0
DA:50,0
DA:51,0
DA:53,0
DA:54,0
DA:55,0
DA:56,0
DA:57,0
DA:58,0
DA:59,0
DA:60,0
DA:61,0
DA:62,0
DA:63,0
DA:64,0
DA:65,0
DA:66,0
DA:67,0
DA:68,0
DA:69,0
DA:70,0
DA:71,0
DA:75,0
DA:78,0
DA:79,0
DA:80,0
DA:81,0
DA:82,0
DA:83,0
DA:84,0
DA:85,0
DA:86,0
DA:87,0
DA:88,0
DA:89,0
DA:90,0
DA:91,0
DA:92,0
DA:93,0
DA:94,0
DA:95,0
DA:96,0
DA:97,0
DA:98,0
DA:99,0
DA:100,0
DA:101,0
DA:102,0
DA:103,0
DA:104,0
DA:105,0
DA:106,0
DA:107,0
DA:108,0
DA:109,0
DA:110,0
DA:111,0
DA:112,0
DA:113,0
DA:114,0
DA:117,0
DA:118,0
DA:120,0
DA:123,0
DA:124,0
DA:125,0
DA:132,0
DA:134,0
DA:135,0
DA:136,0
DA:138,0
DA:139,0
DA:140,0
DA:141,0
DA:142,0
DA:143,0
DA:147,0
DA:150,0
DA:151,0
DA:152,0
DA:153,0
DA:154,0
DA:155,0
DA:156,0
DA:157,0
DA:158,0
DA:159,0
DA:160,0
DA:163,0
DA:164,0
DA:166,0
DA:169,0
DA:170,0
DA:171,0
DA:178,0
DA:180,0
DA:181,0
DA:182,0
DA:184,0
DA:185,0
DA:186,0
DA:187,0
DA:188,0
DA:192,0
DA:195,0
DA:196,0
DA:197,0
DA:198,0
DA:199,0
DA:200,0
DA:201,0
DA:202,0
DA:203,0
DA:206,0
DA:207,0
DA:209,0
DA:212,0
DA:213,0
DA:214,0
DA:221,0
DA:223,0
DA:224,0
DA:225,0
DA:227,0
DA:228,0
DA:229,0
DA:230,0
DA:234,0
DA:237,0
DA:238,0
DA:239,0
DA:240,0
DA:241,0
DA:242,0
DA:243,0
DA:246,0
DA:247,0
DA:249,0
DA:252,0
DA:253,0
DA:254,0
DA:261,0
DA:263,0
DA:264,0
DA:265,0
DA:267,0
DA:268,0
DA:269,0
DA:270,0
DA:274,0
DA:277,0
DA:278,0
DA:279,0
DA:280,0
DA:281,0
DA:282,0
DA:283,0
DA:286,0
DA:287,0
DA:289,0
DA:292,0
DA:293,0
DA:294,0
DA:301,0
DA:303,0
DA:304,0
DA:305,0
DA:307,0
DA:308,0
DA:309,0
DA:310,0
DA:311,0
DA:312,0
DA:313,0
DA:317,0
DA:320,0
DA:321,0
DA:322,0
DA:323,0
DA:324,0
DA:325,0
DA:326,0
DA:327,0
DA:328,0
DA:329,0
DA:330,0
DA:331,0
DA:332,0
DA:335,0
DA:336,0
DA:338,0
DA:341,0
DA:342,0
DA:343,0
DA:350,0
DA:352,0
DA:353,0
DA:354,0
DA:356,0
DA:357,0
DA:358,0
DA:359,0
DA:363,0
DA:366,0
DA:367,0
DA:368,0
DA:369,0
DA:370,0
DA:371,0
DA:372,0
DA:375,0
DA:376,0
DA:378,0
DA:381,0
DA:382,0
DA:383,0
DA:390,0
DA:392,0
DA:393,0
DA:394,0
DA:396,0
DA:397,0
DA:398,0
DA:399,0
DA:400,0
DA:404,0
DA:407,0
DA:408,0
DA:409,0
DA:410,0
DA:411,0
DA:412,0
DA:413,0
DA:414,0
DA:415,0
DA:418,0
DA:419,0
DA:421,0
DA:424,0
DA:425,0
DA:426,0
LF:258
LH:0
end_of_record
SF:lib/utils/fake_pets_data.dart
DA:1,0
DA:2,0
DA:6,0
DA:12,0
DA:21,0
DA:28,0
DA:33,0
DA:43,0
DA:44,0
DA:53,0
DA:56,0
DA:67,0
DA:71,0
DA:77,0
DA:86,0
DA:93,0
DA:98,0
DA:108,0
DA:109,0
DA:118,0
DA:121,0
DA:132,0
DA:136,0
DA:142,0
DA:151,0
DA:158,0
DA:163,0
DA:173,0
DA:174,0
DA:183,0
DA:186,0
DA:197,0
DA:201,0
DA:207,0
DA:216,0
DA:223,0
DA:228,0
DA:238,0
DA:239,0
DA:248,0
DA:251,0
DA:262,0
DA:266,0
DA:272,0
DA:281,0
DA:288,0
DA:293,0
DA:303,0
DA:304,0
DA:313,0
DA:316,0
DA:327,0
DA:331,0
DA:337,0
DA:346,0
DA:353,0
DA:358,0
DA:368,0
DA:369,0
DA:378,0
DA:381,0
DA:392,0
DA:396,0
DA:402,0
DA:411,0
DA:418,0
DA:423,0
DA:433,0
DA:434,0
DA:443,0
DA:446,0
DA:457,0
DA:461,0
DA:467,0
DA:476,0
DA:483,0
DA:488,0
DA:498,0
DA:499,0
DA:508,0
DA:511,0
DA:522,0
DA:526,0
DA:532,0
DA:541,0
DA:548,0
DA:553,0
DA:563,0
DA:564,0
DA:573,0
DA:576,0
DA:587,0
DA:591,0
DA:597,0
DA:606,0
DA:613,0
DA:618,0
DA:628,0
DA:629,0
DA:638,0
DA:641,0
DA:652,0
DA:656,0
DA:662,0
DA:671,0
DA:678,0
DA:683,0
DA:693,0
DA:694,0
DA:703,0
DA:706,0
DA:717,0
DA:721,0
DA:727,0
DA:736,0
DA:743,0
DA:748,0
DA:758,0
DA:759,0
DA:768,0
DA:771,0
DA:782,0
DA:786,0
DA:792,0
DA:801,0
DA:808,0
DA:813,0
DA:823,0
DA:824,0
DA:833,0
DA:836,0
DA:847,0
DA:851,0
DA:857,0
DA:866,0
DA:873,0
DA:878,0
DA:888,0
DA:889,0
DA:898,0
DA:901,0
DA:912,0
DA:916,0
DA:922,0
DA:931,0
DA:938,0
DA:943,0
DA:953,0
DA:954,0
DA:963,0
DA:966,0
DA:977,0
DA:981,0
DA:987,0
DA:996,0
DA:1003,0
DA:1008,0
DA:1018,0
DA:1019,0
DA:1028,0
DA:1031,0
DA:1042,0
DA:1046,0
DA:1052,0
DA:1061,0
DA:1068,0
DA:1073,0
DA:1083,0
DA:1084,0
DA:1093,0
DA:1096,0
DA:1107,0
DA:1111,0
DA:1117,0
DA:1126,0
DA:1133,0
DA:1138,0
DA:1148,0
DA:1149,0
DA:1158,0
DA:1161,0
DA:1172,0
DA:1176,0
DA:1182,0
DA:1191,0
DA:1198,0
DA:1203,0
DA:1213,0
DA:1214,0
DA:1223,0
DA:1226,0
DA:1237,0
DA:1241,0
DA:1247,0
DA:1256,0
DA:1263,0
DA:1268,0
DA:1278,0
DA:1279,0
DA:1288,0
DA:1291,0
DA:1302,0
DA:1306,0
DA:1312,0
DA:1321,0
DA:1328,0
DA:1333,0
DA:1343,0
DA:1344,0
DA:1353,0
DA:1356,0
DA:1367,0
DA:1371,0
DA:1377,0
DA:1386,0
DA:1393,0
DA:1398,0
DA:1408,0
DA:1409,0
DA:1418,0
DA:1421,0
DA:1432,0
DA:1436,0
DA:1442,0
DA:1451,0
DA:1458,0
DA:1463,0
DA:1473,0
DA:1474,0
DA:1483,0
DA:1486,0
DA:1497,0
DA:1501,0
DA:1507,0
DA:1516,0
DA:1523,0
DA:1528,0
DA:1538,0
DA:1539,0
DA:1548,0
DA:1551,0
DA:1562,0
DA:1566,0
DA:1572,0
DA:1581,0
DA:1588,0
DA:1593,0
DA:1603,0
DA:1604,0
DA:1613,0
DA:1616,0
DA:1627,0
DA:1631,0
DA:1637,0
DA:1646,0
DA:1653,0
DA:1658,0
DA:1668,0
DA:1669,0
DA:1678,0
DA:1681,0
DA:1692,0
DA:1696,0
DA:1702,0
DA:1711,0
DA:1718,0
DA:1723,0
DA:1733,0
DA:1734,0
DA:1743,0
DA:1746,0
DA:1757,0
DA:1761,0
DA:1767,0
DA:1776,0
DA:1783,0
DA:1788,0
DA:1798,0
DA:1799,0
DA:1808,0
DA:1811,0
DA:1822,0
DA:1826,0
DA:1832,0
DA:1841,0
DA:1848,0
DA:1853,0
DA:1863,0
DA:1864,0
DA:1873,0
DA:1876,0
DA:1887,0
DA:1891,0
DA:1897,0
DA:1906,0
DA:1913,0
DA:1918,0
DA:1928,0
DA:1929,0
DA:1938,0
DA:1941,0
DA:1952,0
DA:1956,0
DA:1962,0
DA:1971,0
DA:1978,0
DA:1983,0
DA:1993,0
DA:1994,0
DA:2003,0
DA:2006,0
DA:2017,0
DA:2021,0
DA:2027,0
DA:2036,0
DA:2043,0
DA:2048,0
DA:2058,0
DA:2059,0
DA:2068,0
DA:2071,0
DA:2082,0
DA:2086,0
DA:2092,0
DA:2101,0
DA:2108,0
DA:2113,0
DA:2123,0
DA:2124,0
DA:2133,0
DA:2136,0
DA:2147,0
DA:2151,0
DA:2157,0
DA:2166,0
DA:2173,0
DA:2178,0
DA:2188,0
DA:2189,0
DA:2198,0
DA:2201,0
DA:2212,0
DA:2216,0
DA:2222,0
DA:2231,0
DA:2238,0
DA:2243,0
DA:2253,0
DA:2254,0
DA:2263,0
DA:2266,0
DA:2277,0
DA:2281,0
DA:2287,0
DA:2296,0
DA:2303,0
DA:2308,0
DA:2318,0
DA:2319,0
DA:2328,0
DA:2331,0
DA:2342,0
DA:2346,0
DA:2352,0
DA:2361,0
DA:2368,0
DA:2373,0
DA:2383,0
DA:2384,0
DA:2393,0
DA:2396,0
DA:2407,0
DA:2411,0
DA:2417,0
DA:2426,0
DA:2433,0
DA:2438,0
DA:2448,0
DA:2449,0
DA:2458,0
DA:2461,0
DA:2472,0
DA:2476,0
DA:2482,0
DA:2491,0
DA:2498,0
DA:2503,0
DA:2513,0
DA:2514,0
DA:2523,0
DA:2526,0
DA:2537,0
DA:2541,0
DA:2547,0
DA:2556,0
DA:2563,0
DA:2568,0
DA:2578,0
DA:2579,0
DA:2588,0
DA:2591,0
DA:2602,0
DA:2606,0
DA:2612,0
DA:2621,0
DA:2628,0
DA:2633,0
DA:2643,0
DA:2644,0
DA:2653,0
DA:2656,0
DA:2667,0
DA:2671,0
DA:2677,0
DA:2686,0
DA:2693,0
DA:2698,0
DA:2708,0
DA:2709,0
DA:2718,0
DA:2721,0
DA:2732,0
DA:2736,0
DA:2742,0
DA:2751,0
DA:2758,0
DA:2763,0
DA:2773,0
DA:2774,0
DA:2783,0
DA:2786,0
DA:2797,0
DA:2801,0
DA:2807,0
DA:2816,0
DA:2823,0
DA:2828,0
DA:2838,0
DA:2839,0
DA:2848,0
DA:2851,0
DA:2862,0
DA:2866,0
DA:2872,0
DA:2881,0
DA:2888,0
DA:2893,0
DA:2903,0
DA:2904,0
DA:2913,0
DA:2916,0
DA:2927,0
DA:2931,0
DA:2937,0
DA:2946,0
DA:2953,0
DA:2958,0
DA:2968,0
DA:2969,0
DA:2978,0
DA:2981,0
DA:2992,0
DA:2996,0
DA:3002,0
DA:3011,0
DA:3018,0
DA:3023,0
DA:3033,0
DA:3034,0
DA:3043,0
DA:3046,0
DA:3057,0
DA:3061,0
DA:3067,0
DA:3076,0
DA:3083,0
DA:3088,0
DA:3098,0
DA:3099,0
DA:3108,0
DA:3111,0
DA:3122,0
DA:3126,0
DA:3132,0
DA:3141,0
DA:3148,0
DA:3153,0
DA:3163,0
DA:3164,0
DA:3173,0
DA:3176,0
DA:3187,0
DA:3191,0
DA:3197,0
DA:3206,0
DA:3213,0
DA:3218,0
DA:3228,0
DA:3229,0
DA:3238,0
DA:3241,0
DA:3252,0
DA:3256,0
DA:3262,0
DA:3271,0
DA:3278,0
DA:3283,0
DA:3293,0
DA:3294,0
DA:3303,0
DA:3306,0
DA:3317,0
DA:3321,0
DA:3327,0
DA:3336,0
DA:3343,0
DA:3348,0
DA:3358,0
DA:3359,0
DA:3368,0
DA:3371,0
DA:3382,0
DA:3386,0
DA:3392,0
DA:3401,0
DA:3408,0
DA:3413,0
DA:3423,0
DA:3424,0
DA:3433,0
DA:3436,0
DA:3447,0
DA:3451,0
DA:3457,0
DA:3466,0
DA:3473,0
DA:3478,0
DA:3488,0
DA:3489,0
DA:3498,0
DA:3501,0
DA:3512,0
DA:3516,0
DA:3522,0
DA:3531,0
DA:3538,0
DA:3543,0
DA:3553,0
DA:3554,0
DA:3563,0
DA:3566,0
DA:3577,0
DA:3581,0
DA:3587,0
DA:3596,0
DA:3603,0
DA:3608,0
DA:3618,0
DA:3619,0
DA:3628,0
DA:3631,0
LF:561
LH:0
end_of_record
